<?xml version="1.0" encoding="UTF-8"?>
<!-- Generated by org.testng.reporters.JUnitReportReporter -->
<testsuite hostname="ND9VS3X2" name="com.cucumberFramework.testRunner.TestRunner2" tests="1" failures="0" timestamp="30 Nov 2020 19:01:10 GMT" time="40.369" errors="0">
  <testcase name="feature" time="40.369" classname="com.cucumberFramework.testRunner.TestRunner2"/>
</testsuite> <!-- com.cucumberFramework.testRunner.TestRunner2 -->
